\BOOKMARK [0][-]{chapter.1}{\376\377\0001\000\040\000D\000i\000r\000e\000c\000t\000o\000r\000y\000\040\000H\000i\000e\000r\000a\000r\000c\000h\000y}{}% 1
\BOOKMARK [1][-]{section.1.1}{\376\377\0001\000.\0001\000\040\000D\000i\000r\000e\000c\000t\000o\000r\000i\000e\000s}{chapter.1}% 2
\BOOKMARK [0][-]{chapter.2}{\376\377\0002\000\040\000N\000a\000m\000e\000s\000p\000a\000c\000e\000\040\000I\000n\000d\000e\000x}{}% 3
\BOOKMARK [1][-]{section.2.1}{\376\377\0002\000.\0001\000\040\000N\000a\000m\000e\000s\000p\000a\000c\000e\000\040\000L\000i\000s\000t}{chapter.2}% 4
\BOOKMARK [0][-]{chapter.3}{\376\377\0003\000\040\000C\000l\000a\000s\000s\000\040\000I\000n\000d\000e\000x}{}% 5
\BOOKMARK [1][-]{section.3.1}{\376\377\0003\000.\0001\000\040\000C\000l\000a\000s\000s\000\040\000L\000i\000s\000t}{chapter.3}% 6
\BOOKMARK [0][-]{chapter.4}{\376\377\0004\000\040\000F\000i\000l\000e\000\040\000I\000n\000d\000e\000x}{}% 7
\BOOKMARK [1][-]{section.4.1}{\376\377\0004\000.\0001\000\040\000F\000i\000l\000e\000\040\000L\000i\000s\000t}{chapter.4}% 8
\BOOKMARK [0][-]{chapter.5}{\376\377\0005\000\040\000D\000i\000r\000e\000c\000t\000o\000r\000y\000\040\000D\000o\000c\000u\000m\000e\000n\000t\000a\000t\000i\000o\000n}{}% 9
\BOOKMARK [1][-]{section.5.1}{\376\377\0005\000.\0001\000\040\000i\000n\000c\000l\000u\000d\000e\000\040\000D\000i\000r\000e\000c\000t\000o\000r\000y\000\040\000R\000e\000f\000e\000r\000e\000n\000c\000e}{chapter.5}% 10
\BOOKMARK [1][-]{section.5.2}{\376\377\0005\000.\0002\000\040\000s\000r\000c\000\040\000D\000i\000r\000e\000c\000t\000o\000r\000y\000\040\000R\000e\000f\000e\000r\000e\000n\000c\000e}{chapter.5}% 11
\BOOKMARK [0][-]{chapter.6}{\376\377\0006\000\040\000N\000a\000m\000e\000s\000p\000a\000c\000e\000\040\000D\000o\000c\000u\000m\000e\000n\000t\000a\000t\000i\000o\000n}{}% 12
\BOOKMARK [1][-]{section.6.1}{\376\377\0006\000.\0001\000\040\000c\000l\000i\000\040\000N\000a\000m\000e\000s\000p\000a\000c\000e\000\040\000R\000e\000f\000e\000r\000e\000n\000c\000e}{chapter.6}% 13
\BOOKMARK [2][-]{subsection.6.1.1}{\376\377\0006\000.\0001\000.\0001\000\040\000D\000e\000t\000a\000i\000l\000e\000d\000\040\000D\000e\000s\000c\000r\000i\000p\000t\000i\000o\000n}{section.6.1}% 14
\BOOKMARK [2][-]{subsection.6.1.2}{\376\377\0006\000.\0001\000.\0002\000\040\000E\000n\000u\000m\000e\000r\000a\000t\000i\000o\000n\000\040\000T\000y\000p\000e\000\040\000D\000o\000c\000u\000m\000e\000n\000t\000a\000t\000i\000o\000n}{section.6.1}% 15
\BOOKMARK [3][-]{subsubsection.6.1.2.1}{\376\377\0006\000.\0001\000.\0002\000.\0001\000\040\000S\000w\000i\000t\000c\000h}{subsection.6.1.2}% 16
\BOOKMARK [2][-]{subsection.6.1.3}{\376\377\0006\000.\0001\000.\0003\000\040\000F\000u\000n\000c\000t\000i\000o\000n\000\040\000D\000o\000c\000u\000m\000e\000n\000t\000a\000t\000i\000o\000n}{section.6.1}% 17
\BOOKMARK [3][-]{subsubsection.6.1.3.1}{\376\377\0006\000.\0001\000.\0003\000.\0001\000\040\000p\000a\000r\000s\000e\000\050\000\051}{subsection.6.1.3}% 18
\BOOKMARK [1][-]{section.6.2}{\376\377\0006\000.\0002\000\040\000c\000o\000n\000s\000t\000a\000n\000t\000s\000\040\000N\000a\000m\000e\000s\000p\000a\000c\000e\000\040\000R\000e\000f\000e\000r\000e\000n\000c\000e}{chapter.6}% 19
\BOOKMARK [2][-]{subsection.6.2.1}{\376\377\0006\000.\0002\000.\0001\000\040\000D\000e\000t\000a\000i\000l\000e\000d\000\040\000D\000e\000s\000c\000r\000i\000p\000t\000i\000o\000n}{section.6.2}% 20
\BOOKMARK [2][-]{subsection.6.2.2}{\376\377\0006\000.\0002\000.\0002\000\040\000F\000u\000n\000c\000t\000i\000o\000n\000\040\000D\000o\000c\000u\000m\000e\000n\000t\000a\000t\000i\000o\000n}{section.6.2}% 21
\BOOKMARK [3][-]{subsubsection.6.2.2.1}{\376\377\0006\000.\0002\000.\0002\000.\0001\000\040\000p\000r\000e\000c\000\137\000f\000a\000c\000t\000o\000r\000\050\000\051}{subsection.6.2.2}% 22
\BOOKMARK [2][-]{subsection.6.2.3}{\376\377\0006\000.\0002\000.\0003\000\040\000V\000a\000r\000i\000a\000b\000l\000e\000\040\000D\000o\000c\000u\000m\000e\000n\000t\000a\000t\000i\000o\000n}{section.6.2}% 23
\BOOKMARK [3][-]{subsubsection.6.2.3.1}{\376\377\0006\000.\0002\000.\0003\000.\0001\000\040\000B\000I\000S\000E\000C\000T\000I\000O\000N\000\137\000P\000R\000E\000C}{subsection.6.2.3}% 24
\BOOKMARK [3][-]{subsubsection.6.2.3.2}{\376\377\0006\000.\0002\000.\0003\000.\0002\000\040\000E\000P\000S\000I\000L\000O\000N}{subsection.6.2.3}% 25
\BOOKMARK [3][-]{subsubsection.6.2.3.3}{\376\377\0006\000.\0002\000.\0003\000.\0003\000\040\000P\000R\000E\000C\000I\000S\000I\000O\000N}{subsection.6.2.3}% 26
\BOOKMARK [3][-]{subsubsection.6.2.3.4}{\376\377\0006\000.\0002\000.\0003\000.\0004\000\040\000Z\000E\000R\000O\000\137\000T\000R\000E\000S\000H\000O\000L\000D}{subsection.6.2.3}% 27
\BOOKMARK [0][-]{chapter.7}{\376\377\0007\000\040\000C\000l\000a\000s\000s\000\040\000D\000o\000c\000u\000m\000e\000n\000t\000a\000t\000i\000o\000n}{}% 28
\BOOKMARK [1][-]{section.7.1}{\376\377\0007\000.\0001\000\040\000C\000o\000n\000t\000e\000x\000t\000\040\000S\000t\000r\000u\000c\000t\000\040\000R\000e\000f\000e\000r\000e\000n\000c\000e}{chapter.7}% 29
\BOOKMARK [2][-]{subsection.7.1.1}{\376\377\0007\000.\0001\000.\0001\000\040\000D\000e\000t\000a\000i\000l\000e\000d\000\040\000D\000e\000s\000c\000r\000i\000p\000t\000i\000o\000n}{section.7.1}% 30
\BOOKMARK [2][-]{subsection.7.1.2}{\376\377\0007\000.\0001\000.\0002\000\040\000M\000e\000m\000b\000e\000r\000\040\000D\000a\000t\000a\000\040\000D\000o\000c\000u\000m\000e\000n\000t\000a\000t\000i\000o\000n}{section.7.1}% 31
\BOOKMARK [3][-]{subsubsection.7.1.2.1}{\376\377\0007\000.\0001\000.\0002\000.\0001\000\040\000e\000l\000e\000m\000e\000n\000t\000s}{subsection.7.1.2}% 32
\BOOKMARK [3][-]{subsubsection.7.1.2.2}{\376\377\0007\000.\0001\000.\0002\000.\0002\000\040\000e\000q\000u\000a\000t\000i\000o\000n\000s}{subsection.7.1.2}% 33
\BOOKMARK [3][-]{subsubsection.7.1.2.3}{\376\377\0007\000.\0001\000.\0002\000.\0003\000\040\000g\000i\000v\000e\000n\000\137\000v\000a\000l\000u\000e}{subsection.7.1.2}% 34
\BOOKMARK [3][-]{subsubsection.7.1.2.4}{\376\377\0007\000.\0001\000.\0002\000.\0004\000\040\000m\000a\000x\000\137\000n\000o\000d\000e}{subsection.7.1.2}% 35
\BOOKMARK [3][-]{subsubsection.7.1.2.5}{\376\377\0007\000.\0001\000.\0002\000.\0005\000\040\000n\000u\000m\000b\000e\000r\000\137\000o\000f\000\137\000u\000n\000k\000n\000o\000w\000n\000s}{subsection.7.1.2}% 36
\BOOKMARK [3][-]{subsubsection.7.1.2.6}{\376\377\0007\000.\0001\000.\0002\000.\0006\000\040\000o\000u\000t\000p\000u\000t\000\137\000v\000a\000l\000u\000e}{subsection.7.1.2}% 37
\BOOKMARK [3][-]{subsubsection.7.1.2.7}{\376\377\0007\000.\0001\000.\0002\000.\0007\000\040\000v\000\137\000s\000o\000u\000r\000c\000e\000\137\000c\000u\000r\000r\000e\000n\000t\000s\000\137\000m\000a\000p}{subsection.7.1.2}% 38
\BOOKMARK [3][-]{subsubsection.7.1.2.8}{\376\377\0007\000.\0001\000.\0002\000.\0008\000\040\000v\000a\000r\000i\000a\000b\000l\000e\000\137\000e\000l\000e\000m}{subsection.7.1.2}% 39
\BOOKMARK [1][-]{section.7.2}{\376\377\0007\000.\0002\000\040\000E\000l\000e\000m\000e\000n\000t\000\040\000S\000t\000r\000u\000c\000t\000\040\000R\000e\000f\000e\000r\000e\000n\000c\000e}{chapter.7}% 40
\BOOKMARK [2][-]{subsection.7.2.1}{\376\377\0007\000.\0002\000.\0001\000\040\000D\000e\000t\000a\000i\000l\000e\000d\000\040\000D\000e\000s\000c\000r\000i\000p\000t\000i\000o\000n}{section.7.2}% 41
\BOOKMARK [2][-]{subsection.7.2.2}{\376\377\0007\000.\0002\000.\0002\000\040\000M\000e\000m\000b\000e\000r\000\040\000F\000u\000n\000c\000t\000i\000o\000n\000\040\000D\000o\000c\000u\000m\000e\000n\000t\000a\000t\000i\000o\000n}{section.7.2}% 42
\BOOKMARK [3][-]{subsubsection.7.2.2.1}{\376\377\0007\000.\0002\000.\0002\000.\0001\000\040\000i\000s\000\137\000d\000i\000r\000e\000c\000t\000e\000d\000\137\000o\000u\000t\000w\000a\000r\000d\000s\000\050\000\051}{subsection.7.2.2}% 43
\BOOKMARK [3][-]{subsubsection.7.2.2.2}{\376\377\0007\000.\0002\000.\0002\000.\0002\000\040\000o\000t\000h\000e\000r\000\137\000n\000o\000d\000e\000\050\000\051}{subsection.7.2.2}% 44
\BOOKMARK [3][-]{subsubsection.7.2.2.3}{\376\377\0007\000.\0002\000.\0002\000.\0003\000\040\000s\000i\000g\000n\000\137\000o\000f\000\137\000c\000u\000r\000r\000e\000n\000t\000\050\000\051}{subsection.7.2.2}% 45
\BOOKMARK [2][-]{subsection.7.2.3}{\376\377\0007\000.\0002\000.\0003\000\040\000M\000e\000m\000b\000e\000r\000\040\000D\000a\000t\000a\000\040\000D\000o\000c\000u\000m\000e\000n\000t\000a\000t\000i\000o\000n}{section.7.2}% 46
\BOOKMARK [3][-]{subsubsection.7.2.3.1}{\376\377\0007\000.\0002\000.\0003\000.\0001\000\040\000c\000u\000r\000r\000e\000n\000t}{subsection.7.2.3}% 47
\BOOKMARK [3][-]{subsubsection.7.2.3.2}{\376\377\0007\000.\0002\000.\0003\000.\0002\000\040\000n\000o\000d\000e\000s}{subsection.7.2.3}% 48
\BOOKMARK [3][-]{subsubsection.7.2.3.3}{\376\377\0007\000.\0002\000.\0003\000.\0003\000\040\000p\000o\000w\000e\000r}{subsection.7.2.3}% 49
\BOOKMARK [3][-]{subsubsection.7.2.3.4}{\376\377\0007\000.\0002\000.\0003\000.\0004\000\040\000t\000y\000p\000e}{subsection.7.2.3}% 50
\BOOKMARK [3][-]{subsubsection.7.2.3.5}{\376\377\0007\000.\0002\000.\0003\000.\0005\000\040\000v\000a\000l\000u\000e}{subsection.7.2.3}% 51
\BOOKMARK [3][-]{subsubsection.7.2.3.6}{\376\377\0007\000.\0002\000.\0003\000.\0006\000\040\000v\000o\000l\000t\000a\000g\000e}{subsection.7.2.3}% 52
\BOOKMARK [1][-]{section.7.3}{\376\377\0007\000.\0003\000\040\000G\000i\000v\000e\000n\000V\000a\000l\000u\000e\000\040\000S\000t\000r\000u\000c\000t\000\040\000R\000e\000f\000e\000r\000e\000n\000c\000e}{chapter.7}% 53
\BOOKMARK [2][-]{subsection.7.3.1}{\376\377\0007\000.\0003\000.\0001\000\040\000D\000e\000t\000a\000i\000l\000e\000d\000\040\000D\000e\000s\000c\000r\000i\000p\000t\000i\000o\000n}{section.7.3}% 54
\BOOKMARK [2][-]{subsection.7.3.2}{\376\377\0007\000.\0003\000.\0002\000\040\000M\000e\000m\000b\000e\000r\000\040\000D\000a\000t\000a\000\040\000D\000o\000c\000u\000m\000e\000n\000t\000a\000t\000i\000o\000n}{section.7.3}% 55
\BOOKMARK [3][-]{subsubsection.7.3.2.1}{\376\377\0007\000.\0003\000.\0002\000.\0001\000\040\000d\000e\000s\000i\000r\000e\000d\000\137\000v\000a\000l\000u\000e}{subsection.7.3.2}% 56
\BOOKMARK [3][-]{subsubsection.7.3.2.2}{\376\377\0007\000.\0003\000.\0002\000.\0002\000\040\000e\000l\000e\000m}{subsection.7.3.2}% 57
\BOOKMARK [3][-]{subsubsection.7.3.2.3}{\376\377\0007\000.\0003\000.\0002\000.\0003\000\040\000v\000\137\000t\000y\000p\000e}{subsection.7.3.2}% 58
\BOOKMARK [1][-]{section.7.4}{\376\377\0007\000.\0004\000\040\000c\000l\000i\000:\000:\000I\000n\000p\000u\000t\000\040\000S\000t\000r\000u\000c\000t\000\040\000R\000e\000f\000e\000r\000e\000n\000c\000e}{chapter.7}% 59
\BOOKMARK [2][-]{subsection.7.4.1}{\376\377\0007\000.\0004\000.\0001\000\040\000D\000e\000t\000a\000i\000l\000e\000d\000\040\000D\000e\000s\000c\000r\000i\000p\000t\000i\000o\000n}{section.7.4}% 60
\BOOKMARK [2][-]{subsection.7.4.2}{\376\377\0007\000.\0004\000.\0002\000\040\000M\000e\000m\000b\000e\000r\000\040\000D\000a\000t\000a\000\040\000D\000o\000c\000u\000m\000e\000n\000t\000a\000t\000i\000o\000n}{section.7.4}% 61
\BOOKMARK [3][-]{subsubsection.7.4.2.1}{\376\377\0007\000.\0004\000.\0002\000.\0001\000\040\000i\000f\000n\000a\000m\000e}{subsection.7.4.2}% 62
\BOOKMARK [3][-]{subsubsection.7.4.2.2}{\376\377\0007\000.\0004\000.\0002\000.\0002\000\040\000o\000f\000n\000a\000m\000e}{subsection.7.4.2}% 63
\BOOKMARK [3][-]{subsubsection.7.4.2.3}{\376\377\0007\000.\0004\000.\0002\000.\0003\000\040\000p\000r\000e\000c}{subsection.7.4.2}% 64
\BOOKMARK [0][-]{chapter.8}{\376\377\0008\000\040\000F\000i\000l\000e\000\040\000D\000o\000c\000u\000m\000e\000n\000t\000a\000t\000i\000o\000n}{}% 65
\BOOKMARK [1][-]{section.8.1}{\376\377\0008\000.\0001\000\040\000i\000n\000c\000l\000u\000d\000e\000/\000b\000i\000s\000e\000c\000t\000.\000h\000p\000p\000\040\000F\000i\000l\000e\000\040\000R\000e\000f\000e\000r\000e\000n\000c\000e}{chapter.8}% 66
\BOOKMARK [2][-]{subsection.8.1.1}{\376\377\0008\000.\0001\000.\0001\000\040\000F\000u\000n\000c\000t\000i\000o\000n\000\040\000D\000o\000c\000u\000m\000e\000n\000t\000a\000t\000i\000o\000n}{section.8.1}% 67
\BOOKMARK [3][-]{subsubsection.8.1.1.1}{\376\377\0008\000.\0001\000.\0001\000.\0001\000\040\000b\000i\000s\000e\000c\000t\000\050\000\051}{subsection.8.1.1}% 68
\BOOKMARK [3][-]{subsubsection.8.1.1.2}{\376\377\0008\000.\0001\000.\0001\000.\0002\000\040\000f\000i\000n\000d\000\137\000b\000o\000u\000n\000d\000\050\000\051}{subsection.8.1.1}% 69
\BOOKMARK [3][-]{subsubsection.8.1.1.3}{\376\377\0008\000.\0001\000.\0001\000.\0003\000\040\000f\000i\000n\000d\000\137\000d\000e\000r\000i\000v\000a\000t\000i\000v\000e\000\137\000s\000i\000g\000n\000\050\000\051}{subsection.8.1.1}% 70
\BOOKMARK [3][-]{subsubsection.8.1.1.4}{\376\377\0008\000.\0001\000.\0001\000.\0004\000\040\000u\000p\000d\000a\000t\000e\000\137\000b\000i\000s\000e\000c\000t\000i\000o\000n\000\137\000o\000u\000t\000p\000u\000t\000\050\000\051}{subsection.8.1.1}% 71
\BOOKMARK [1][-]{section.8.2}{\376\377\0008\000.\0002\000\040\000b\000i\000s\000e\000c\000t\000.\000h\000p\000p}{chapter.8}% 72
\BOOKMARK [1][-]{section.8.3}{\376\377\0008\000.\0003\000\040\000i\000n\000c\000l\000u\000d\000e\000/\000c\000l\000i\000.\000h\000p\000p\000\040\000F\000i\000l\000e\000\040\000R\000e\000f\000e\000r\000e\000n\000c\000e}{chapter.8}% 73
\BOOKMARK [1][-]{section.8.4}{\376\377\0008\000.\0004\000\040\000c\000l\000i\000.\000h\000p\000p}{chapter.8}% 74
\BOOKMARK [1][-]{section.8.5}{\376\377\0008\000.\0005\000\040\000i\000n\000c\000l\000u\000d\000e\000/\000c\000o\000n\000s\000t\000a\000n\000t\000s\000.\000h\000p\000p\000\040\000F\000i\000l\000e\000\040\000R\000e\000f\000e\000r\000e\000n\000c\000e}{chapter.8}% 75
\BOOKMARK [1][-]{section.8.6}{\376\377\0008\000.\0006\000\040\000c\000o\000n\000s\000t\000a\000n\000t\000s\000.\000h\000p\000p}{chapter.8}% 76
\BOOKMARK [1][-]{section.8.7}{\376\377\0008\000.\0007\000\040\000i\000n\000c\000l\000u\000d\000e\000/\000c\000o\000n\000t\000e\000x\000t\000.\000h\000p\000p\000\040\000F\000i\000l\000e\000\040\000R\000e\000f\000e\000r\000e\000n\000c\000e}{chapter.8}% 77
\BOOKMARK [1][-]{section.8.8}{\376\377\0008\000.\0008\000\040\000c\000o\000n\000t\000e\000x\000t\000.\000h\000p\000p}{chapter.8}% 78
\BOOKMARK [1][-]{section.8.9}{\376\377\0008\000.\0009\000\040\000i\000n\000c\000l\000u\000d\000e\000/\000e\000l\000e\000m\000e\000n\000t\000.\000h\000p\000p\000\040\000F\000i\000l\000e\000\040\000R\000e\000f\000e\000r\000e\000n\000c\000e}{chapter.8}% 79
\BOOKMARK [2][-]{subsection.8.9.1}{\376\377\0008\000.\0009\000.\0001\000\040\000E\000n\000u\000m\000e\000r\000a\000t\000i\000o\000n\000\040\000T\000y\000p\000e\000\040\000D\000o\000c\000u\000m\000e\000n\000t\000a\000t\000i\000o\000n}{section.8.9}% 80
\BOOKMARK [3][-]{subsubsection.8.9.1.1}{\376\377\0008\000.\0009\000.\0001\000.\0001\000\040\000E\000l\000e\000m\000e\000n\000t\000T\000y\000p\000e}{subsection.8.9.1}% 81
\BOOKMARK [3][-]{subsubsection.8.9.1.2}{\376\377\0008\000.\0009\000.\0001\000.\0002\000\040\000V\000a\000l\000u\000e\000T\000y\000p\000e}{subsection.8.9.1}% 82
\BOOKMARK [1][-]{section.8.10}{\376\377\0008\000.\0001\0000\000\040\000e\000l\000e\000m\000e\000n\000t\000.\000h\000p\000p}{chapter.8}% 83
\BOOKMARK [1][-]{section.8.11}{\376\377\0008\000.\0001\0001\000\040\000i\000n\000c\000l\000u\000d\000e\000/\000f\000i\000l\000e\000\137\000i\000o\000.\000h\000p\000p\000\040\000F\000i\000l\000e\000\040\000R\000e\000f\000e\000r\000e\000n\000c\000e}{chapter.8}% 84
\BOOKMARK [2][-]{subsection.8.11.1}{\376\377\0008\000.\0001\0001\000.\0001\000\040\000F\000u\000n\000c\000t\000i\000o\000n\000\040\000D\000o\000c\000u\000m\000e\000n\000t\000a\000t\000i\000o\000n}{section.8.11}% 85
\BOOKMARK [3][-]{subsubsection.8.11.1.1}{\376\377\0008\000.\0001\0001\000.\0001\000.\0001\000\040\000r\000e\000a\000d\000\050\000\051}{subsection.8.11.1}% 86
\BOOKMARK [3][-]{subsubsection.8.11.1.2}{\376\377\0008\000.\0001\0001\000.\0001\000.\0002\000\040\000w\000r\000i\000t\000e\000\050\000\051}{subsection.8.11.1}% 87
\BOOKMARK [3][-]{subsubsection.8.11.1.3}{\376\377\0008\000.\0001\0001\000.\0001\000.\0003\000\040\000w\000r\000i\000t\000e\000\137\000e\000l\000e\000m\000e\000n\000t\000\050\000\051}{subsection.8.11.1}% 88
\BOOKMARK [1][-]{section.8.12}{\376\377\0008\000.\0001\0002\000\040\000f\000i\000l\000e\000\137\000i\000o\000.\000h\000p\000p}{chapter.8}% 89
\BOOKMARK [1][-]{section.8.13}{\376\377\0008\000.\0001\0003\000\040\000i\000n\000c\000l\000u\000d\000e\000/\000s\000o\000l\000v\000e\000r\000.\000h\000p\000p\000\040\000F\000i\000l\000e\000\040\000R\000e\000f\000e\000r\000e\000n\000c\000e}{chapter.8}% 90
\BOOKMARK [2][-]{subsection.8.13.1}{\376\377\0008\000.\0001\0003\000.\0001\000\040\000F\000u\000n\000c\000t\000i\000o\000n\000\040\000D\000o\000c\000u\000m\000e\000n\000t\000a\000t\000i\000o\000n}{section.8.13}% 91
\BOOKMARK [3][-]{subsubsection.8.13.1.1}{\376\377\0008\000.\0001\0003\000.\0001\000.\0001\000\040\000d\000e\000c\000o\000d\000e\000\137\000a\000n\000d\000\137\000n\000o\000r\000m\000a\000l\000i\000z\000e\000\050\000\051}{subsection.8.13.1}% 92
\BOOKMARK [3][-]{subsubsection.8.13.1.2}{\376\377\0008\000.\0001\0003\000.\0001\000.\0002\000\040\000f\000i\000n\000a\000l\000i\000z\000e\000\050\000\051}{subsection.8.13.1}% 93
\BOOKMARK [3][-]{subsubsection.8.13.1.3}{\376\377\0008\000.\0001\0003\000.\0001\000.\0003\000\040\000f\000i\000n\000d\000\137\000e\000q\000u\000a\000t\000i\000o\000n\000s\000\050\000\051}{subsection.8.13.1}% 94
\BOOKMARK [3][-]{subsubsection.8.13.1.4}{\376\377\0008\000.\0001\0003\000.\0001\000.\0004\000\040\000r\000u\000n\000\050\000\051}{subsection.8.13.1}% 95
\BOOKMARK [3][-]{subsubsection.8.13.1.5}{\376\377\0008\000.\0001\0003\000.\0001\000.\0005\000\040\000s\000o\000l\000v\000e\000\050\000\051}{subsection.8.13.1}% 96
\BOOKMARK [1][-]{section.8.14}{\376\377\0008\000.\0001\0004\000\040\000s\000o\000l\000v\000e\000r\000.\000h\000p\000p}{chapter.8}% 97
\BOOKMARK [1][-]{section.8.15}{\376\377\0008\000.\0001\0005\000\040\000i\000n\000c\000l\000u\000d\000e\000/\000u\000t\000i\000l\000.\000h\000p\000p\000\040\000F\000i\000l\000e\000\040\000R\000e\000f\000e\000r\000e\000n\000c\000e}{chapter.8}% 98
\BOOKMARK [2][-]{subsection.8.15.1}{\376\377\0008\000.\0001\0005\000.\0001\000\040\000F\000u\000n\000c\000t\000i\000o\000n\000\040\000D\000o\000c\000u\000m\000e\000n\000t\000a\000t\000i\000o\000n}{section.8.15}% 99
\BOOKMARK [3][-]{subsubsection.8.15.1.1}{\376\377\0008\000.\0001\0005\000.\0001\000.\0001\000\040\000a\000v\000g\000\050\000\051}{subsection.8.15.1}% 100
\BOOKMARK [3][-]{subsubsection.8.15.1.2}{\376\377\0008\000.\0001\0005\000.\0001\000.\0002\000\040\000c\000u\000r\000r\000e\000n\000t\000\137\000s\000o\000u\000r\000c\000e\000\137\000o\000n\000l\000y\000\137\000n\000o\000d\000e\000\050\000\051}{subsection.8.15.1}% 101
\BOOKMARK [3][-]{subsubsection.8.15.1.3}{\376\377\0008\000.\0001\0005\000.\0001\000.\0003\000\040\000g\000e\000t\000\137\000n\000u\000m\000b\000e\000r\000\137\000o\000f\000\137\000u\000n\000k\000n\000o\000w\000n\000s\000\050\000\051}{subsection.8.15.1}% 102
\BOOKMARK [3][-]{subsubsection.8.15.1.4}{\376\377\0008\000.\0001\0005\000.\0001\000.\0004\000\040\000i\000n\000i\000t\000\137\000v\000e\000c\000t\000o\000r\000\050\000\051}{subsection.8.15.1}% 103
\BOOKMARK [3][-]{subsubsection.8.15.1.5}{\376\377\0008\000.\0001\0005\000.\0001\000.\0005\000\040\000i\000n\000s\000e\000r\000t\000\137\000g\000r\000o\000u\000n\000d\000\137\000n\000o\000d\000e\000\137\000e\000q\000u\000a\000t\000i\000o\000n\000\050\000\051}{subsection.8.15.1}% 104
\BOOKMARK [3][-]{subsubsection.8.15.1.6}{\376\377\0008\000.\0001\0005\000.\0001\000.\0006\000\040\000n\000o\000d\000e\000\137\000k\000e\000y\000\050\000\051}{subsection.8.15.1}% 105
\BOOKMARK [3][-]{subsubsection.8.15.1.7}{\376\377\0008\000.\0001\0005\000.\0001\000.\0007\000\040\000p\000a\000r\000a\000l\000l\000e\000l\000\137\000v\000o\000l\000t\000a\000g\000e\000\137\000s\000o\000u\000r\000c\000e\000s\000\050\000\051}{subsection.8.15.1}% 106
\BOOKMARK [3][-]{subsubsection.8.15.1.8}{\376\377\0008\000.\0001\0005\000.\0001\000.\0008\000\040\000p\000o\000w\000e\000r\000\050\000\051}{subsection.8.15.1}% 107
\BOOKMARK [3][-]{subsubsection.8.15.1.9}{\376\377\0008\000.\0001\0005\000.\0001\000.\0009\000\040\000r\000o\000u\000n\000d\000\137\000t\000o\000\137\000p\000r\000e\000c\000\050\000\051}{subsection.8.15.1}% 108
\BOOKMARK [1][-]{section.8.16}{\376\377\0008\000.\0001\0006\000\040\000u\000t\000i\000l\000.\000h\000p\000p}{chapter.8}% 109
\BOOKMARK [1][-]{section.8.17}{\376\377\0008\000.\0001\0007\000\040\000s\000r\000c\000/\000b\000i\000s\000e\000c\000t\000.\000c\000p\000p\000\040\000F\000i\000l\000e\000\040\000R\000e\000f\000e\000r\000e\000n\000c\000e}{chapter.8}% 110
\BOOKMARK [2][-]{subsection.8.17.1}{\376\377\0008\000.\0001\0007\000.\0001\000\040\000F\000u\000n\000c\000t\000i\000o\000n\000\040\000D\000o\000c\000u\000m\000e\000n\000t\000a\000t\000i\000o\000n}{section.8.17}% 111
\BOOKMARK [3][-]{subsubsection.8.17.1.1}{\376\377\0008\000.\0001\0007\000.\0001\000.\0001\000\040\000b\000i\000s\000e\000c\000t\000\050\000\051}{subsection.8.17.1}% 112
\BOOKMARK [3][-]{subsubsection.8.17.1.2}{\376\377\0008\000.\0001\0007\000.\0001\000.\0002\000\040\000f\000i\000n\000d\000\137\000b\000o\000u\000n\000d\000\050\000\051}{subsection.8.17.1}% 113
\BOOKMARK [3][-]{subsubsection.8.17.1.3}{\376\377\0008\000.\0001\0007\000.\0001\000.\0003\000\040\000f\000i\000n\000d\000\137\000d\000e\000r\000i\000v\000a\000t\000i\000v\000e\000\137\000s\000i\000g\000n\000\050\000\051}{subsection.8.17.1}% 114
\BOOKMARK [3][-]{subsubsection.8.17.1.4}{\376\377\0008\000.\0001\0007\000.\0001\000.\0004\000\040\000u\000p\000d\000a\000t\000e\000\137\000b\000i\000s\000e\000c\000t\000i\000o\000n\000\137\000o\000u\000t\000p\000u\000t\000\050\000\051}{subsection.8.17.1}% 115
\BOOKMARK [1][-]{section.8.18}{\376\377\0008\000.\0001\0008\000\040\000s\000r\000c\000/\000c\000l\000i\000.\000c\000p\000p\000\040\000F\000i\000l\000e\000\040\000R\000e\000f\000e\000r\000e\000n\000c\000e}{chapter.8}% 116
\BOOKMARK [1][-]{section.8.19}{\376\377\0008\000.\0001\0009\000\040\000s\000r\000c\000/\000f\000i\000l\000e\000\137\000i\000o\000.\000c\000p\000p\000\040\000F\000i\000l\000e\000\040\000R\000e\000f\000e\000r\000e\000n\000c\000e}{chapter.8}% 117
\BOOKMARK [2][-]{subsection.8.19.1}{\376\377\0008\000.\0001\0009\000.\0001\000\040\000F\000u\000n\000c\000t\000i\000o\000n\000\040\000D\000o\000c\000u\000m\000e\000n\000t\000a\000t\000i\000o\000n}{section.8.19}% 118
\BOOKMARK [3][-]{subsubsection.8.19.1.1}{\376\377\0008\000.\0001\0009\000.\0001\000.\0001\000\040\000r\000e\000a\000d\000\050\000\051}{subsection.8.19.1}% 119
\BOOKMARK [3][-]{subsubsection.8.19.1.2}{\376\377\0008\000.\0001\0009\000.\0001\000.\0002\000\040\000w\000r\000i\000t\000e\000\050\000\051}{subsection.8.19.1}% 120
\BOOKMARK [3][-]{subsubsection.8.19.1.3}{\376\377\0008\000.\0001\0009\000.\0001\000.\0003\000\040\000w\000r\000i\000t\000e\000\137\000e\000l\000e\000m\000e\000n\000t\000\050\000\051}{subsection.8.19.1}% 121
\BOOKMARK [1][-]{section.8.20}{\376\377\0008\000.\0002\0000\000\040\000s\000r\000c\000/\000m\000a\000i\000n\000.\000c\000p\000p\000\040\000F\000i\000l\000e\000\040\000R\000e\000f\000e\000r\000e\000n\000c\000e}{chapter.8}% 122
\BOOKMARK [2][-]{subsection.8.20.1}{\376\377\0008\000.\0002\0000\000.\0001\000\040\000F\000u\000n\000c\000t\000i\000o\000n\000\040\000D\000o\000c\000u\000m\000e\000n\000t\000a\000t\000i\000o\000n}{section.8.20}% 123
\BOOKMARK [3][-]{subsubsection.8.20.1.1}{\376\377\0008\000.\0002\0000\000.\0001\000.\0001\000\040\000m\000a\000i\000n\000\050\000\051}{subsection.8.20.1}% 124
\BOOKMARK [1][-]{section.8.21}{\376\377\0008\000.\0002\0001\000\040\000s\000r\000c\000/\000s\000o\000l\000v\000e\000r\000.\000c\000p\000p\000\040\000F\000i\000l\000e\000\040\000R\000e\000f\000e\000r\000e\000n\000c\000e}{chapter.8}% 125
\BOOKMARK [2][-]{subsection.8.21.1}{\376\377\0008\000.\0002\0001\000.\0001\000\040\000F\000u\000n\000c\000t\000i\000o\000n\000\040\000D\000o\000c\000u\000m\000e\000n\000t\000a\000t\000i\000o\000n}{section.8.21}% 126
\BOOKMARK [3][-]{subsubsection.8.21.1.1}{\376\377\0008\000.\0002\0001\000.\0001\000.\0001\000\040\000d\000e\000c\000o\000d\000e\000\137\000a\000n\000d\000\137\000n\000o\000r\000m\000a\000l\000i\000z\000e\000\050\000\051}{subsection.8.21.1}% 127
\BOOKMARK [3][-]{subsubsection.8.21.1.2}{\376\377\0008\000.\0002\0001\000.\0001\000.\0002\000\040\000f\000i\000n\000a\000l\000i\000z\000e\000\050\000\051}{subsection.8.21.1}% 128
\BOOKMARK [3][-]{subsubsection.8.21.1.3}{\376\377\0008\000.\0002\0001\000.\0001\000.\0003\000\040\000f\000i\000n\000d\000\137\000e\000q\000u\000a\000t\000i\000o\000n\000s\000\050\000\051}{subsection.8.21.1}% 129
\BOOKMARK [3][-]{subsubsection.8.21.1.4}{\376\377\0008\000.\0002\0001\000.\0001\000.\0004\000\040\000r\000u\000n\000\050\000\051}{subsection.8.21.1}% 130
\BOOKMARK [3][-]{subsubsection.8.21.1.5}{\376\377\0008\000.\0002\0001\000.\0001\000.\0005\000\040\000s\000o\000l\000v\000e\000\050\000\051}{subsection.8.21.1}% 131
\BOOKMARK [1][-]{section.8.22}{\376\377\0008\000.\0002\0002\000\040\000s\000r\000c\000/\000u\000t\000i\000l\000.\000c\000p\000p\000\040\000F\000i\000l\000e\000\040\000R\000e\000f\000e\000r\000e\000n\000c\000e}{chapter.8}% 132
\BOOKMARK [2][-]{subsection.8.22.1}{\376\377\0008\000.\0002\0002\000.\0001\000\040\000F\000u\000n\000c\000t\000i\000o\000n\000\040\000D\000o\000c\000u\000m\000e\000n\000t\000a\000t\000i\000o\000n}{section.8.22}% 133
\BOOKMARK [3][-]{subsubsection.8.22.1.1}{\376\377\0008\000.\0002\0002\000.\0001\000.\0001\000\040\000a\000v\000g\000\050\000\051}{subsection.8.22.1}% 134
\BOOKMARK [3][-]{subsubsection.8.22.1.2}{\376\377\0008\000.\0002\0002\000.\0001\000.\0002\000\040\000c\000u\000r\000r\000e\000n\000t\000\137\000s\000o\000u\000r\000c\000e\000\137\000o\000n\000l\000y\000\137\000n\000o\000d\000e\000\050\000\051}{subsection.8.22.1}% 135
\BOOKMARK [3][-]{subsubsection.8.22.1.3}{\376\377\0008\000.\0002\0002\000.\0001\000.\0003\000\040\000g\000e\000t\000\137\000n\000u\000m\000b\000e\000r\000\137\000o\000f\000\137\000u\000n\000k\000n\000o\000w\000n\000s\000\050\000\051}{subsection.8.22.1}% 136
\BOOKMARK [3][-]{subsubsection.8.22.1.4}{\376\377\0008\000.\0002\0002\000.\0001\000.\0004\000\040\000i\000n\000i\000t\000\137\000v\000e\000c\000t\000o\000r\000\050\000\051}{subsection.8.22.1}% 137
\BOOKMARK [3][-]{subsubsection.8.22.1.5}{\376\377\0008\000.\0002\0002\000.\0001\000.\0005\000\040\000i\000n\000s\000e\000r\000t\000\137\000g\000r\000o\000u\000n\000d\000\137\000n\000o\000d\000e\000\137\000e\000q\000u\000a\000t\000i\000o\000n\000\050\000\051}{subsection.8.22.1}% 138
\BOOKMARK [3][-]{subsubsection.8.22.1.6}{\376\377\0008\000.\0002\0002\000.\0001\000.\0006\000\040\000n\000o\000d\000e\000\137\000k\000e\000y\000\050\000\051}{subsection.8.22.1}% 139
\BOOKMARK [3][-]{subsubsection.8.22.1.7}{\376\377\0008\000.\0002\0002\000.\0001\000.\0007\000\040\000p\000a\000r\000a\000l\000l\000e\000l\000\137\000v\000o\000l\000t\000a\000g\000e\000\137\000s\000o\000u\000r\000c\000e\000s\000\050\000\051}{subsection.8.22.1}% 140
\BOOKMARK [3][-]{subsubsection.8.22.1.8}{\376\377\0008\000.\0002\0002\000.\0001\000.\0008\000\040\000r\000o\000u\000n\000d\000\137\000t\000o\000\137\000p\000r\000e\000c\000\050\000\051}{subsection.8.22.1}% 141
\BOOKMARK [0][-]{section*.34}{\376\377\000I\000n\000d\000e\000x}{}% 142
